<?xml version="1.0" encoding="UTF-8"?>
<!-- Generated by org.testng.reporters.JUnitReportReporter -->
<testsuite skipped="0" hostname="TNLT600" name="com.generaliTest.auto.report" tests="3" failures="0" timestamp="2022-06-28T20:15:56 WAT" time="0.015" errors="0">
  <testcase name="createProjetSante" time="0.002" classname="com.generaliTest.auto.report"/>
  <system-out/>
  <testcase name="createProjetPrev" time="0.001" classname="com.generaliTest.auto.report"/>
  <system-out/>
  <testcase name="crateProjetSantePrev" time="0.012" classname="com.generaliTest.auto.report"/>
  <system-out/>
</testsuite> <!-- com.generaliTest.auto.report -->
